<?xml version="1.0" encoding="utf-8"?>
<TestRun id="da65c4ff-05e0-45da-bdae-320fc40499d8" name="Gabriel Lucaci@LAPTOP-193JPKT0 2022-10-28 14:10:33" runUser="LAPTOP-193JPKT0\Gabriel Lucaci" xmlns="http://microsoft.com/schemas/VisualStudio/TeamTest/2010">
  <Times creation="2022-10-28T14:10:33.9108458+02:00" queuing="2022-10-28T14:10:33.9108462+02:00" start="2022-10-28T14:10:29.5273277+02:00" finish="2022-10-28T14:10:35.5791429+02:00" />
  <TestSettings name="default" id="73b7ad33-aabd-473b-8ed1-3b02a64181fb">
    <Deployment runDeploymentRoot="Gabriel_Lucaci_LAPTOP-193JPKT0_2022-10-28_14_10_33" />
  </TestSettings>
  <Results>
    <UnitTestResult executionId="79454b7b-ea74-427a-8df7-1b6a63440fa2" testId="ae8e4b0d-2112-d855-a959-da5c70985561" testName="Bewit.Extensions.HotChocolate.Tests.BewitContextTests.BewitContext_GetWrongTypePayload_Fail" computerName="LAPTOP-193JPKT0" duration="00:00:01.1131035" startTime="2022-10-28T14:10:33.4535292+02:00" endTime="2022-10-28T14:10:33.4535926+02:00" testType="13cdc9d9-ddb5-4fa4-a97d-d965ccfc6d4b" outcome="Passed" testListId="8c84fa94-04c1-424b-9868-57a2d4851a1d" relativeResultsDirectory="79454b7b-ea74-427a-8df7-1b6a63440fa2" />
    <UnitTestResult executionId="185d2005-06ac-403e-bc88-c3c1e90869d5" testId="bc146916-7f99-a819-a095-dde133b5e62b" testName="Bewit.Extensions.HotChocolate.Tests.BewitAuthorizationMiddlewareTests.Query_WhenWrongToken_Fail" computerName="LAPTOP-193JPKT0" duration="00:00:01.3265750" startTime="2022-10-28T14:10:33.6589506+02:00" endTime="2022-10-28T14:10:33.6589511+02:00" testType="13cdc9d9-ddb5-4fa4-a97d-d965ccfc6d4b" outcome="Passed" testListId="8c84fa94-04c1-424b-9868-57a2d4851a1d" relativeResultsDirectory="185d2005-06ac-403e-bc88-c3c1e90869d5" />
    <UnitTestResult executionId="b619f1d3-4ba6-44eb-8e64-c124d2493a40" testId="9f35dd6a-8ce3-0f31-39de-07419cd3abe5" testName="Bewit.Extensions.HotChocolate.Tests.BewitAuthorizationMiddlewareTests.Query_WhenNotAuthorize_Fail" computerName="LAPTOP-193JPKT0" duration="00:00:00.0844350" startTime="2022-10-28T14:10:33.7434907+02:00" endTime="2022-10-28T14:10:33.7434911+02:00" testType="13cdc9d9-ddb5-4fa4-a97d-d965ccfc6d4b" outcome="Passed" testListId="8c84fa94-04c1-424b-9868-57a2d4851a1d" relativeResultsDirectory="b619f1d3-4ba6-44eb-8e64-c124d2493a40" />
    <UnitTestResult executionId="f063cd36-8b3b-431e-abc9-1bc0699edcd8" testId="40af2887-7fb3-ce28-0397-7b83c27d7aa3" testName="Bewit.Extensions.HotChocolate.Tests.BewitContextTests.BewitContext_GetStringPayload_Success" computerName="LAPTOP-193JPKT0" duration="00:00:00.0303363" startTime="2022-10-28T14:10:33.5196496+02:00" endTime="2022-10-28T14:10:33.5196499+02:00" testType="13cdc9d9-ddb5-4fa4-a97d-d965ccfc6d4b" outcome="Passed" testListId="8c84fa94-04c1-424b-9868-57a2d4851a1d" relativeResultsDirectory="f063cd36-8b3b-431e-abc9-1bc0699edcd8" />
    <UnitTestResult executionId="c5108f37-e894-4949-9843-d0224c625c80" testId="0eca7de7-5fdc-b4b7-8436-d9a193384cf9" testName="Bewit.Extensions.HotChocolate.Tests.BewitAuthorizationMiddlewareIntegrationTests.Query_WhenAuthorize_Success" computerName="LAPTOP-193JPKT0" duration="00:00:00.0712350" startTime="2022-10-28T14:10:35.0302739+02:00" endTime="2022-10-28T14:10:35.0302746+02:00" testType="13cdc9d9-ddb5-4fa4-a97d-d965ccfc6d4b" outcome="Passed" testListId="8c84fa94-04c1-424b-9868-57a2d4851a1d" relativeResultsDirectory="c5108f37-e894-4949-9843-d0224c625c80" />
    <UnitTestResult executionId="f30bb503-1bc8-4974-9ce9-8bf3c2ad2975" testId="967509c2-09e7-d388-f815-efd29db96bff" testName="Bewit.Extensions.HotChocolate.Tests.BewitContextTests.BewitContext_GetObjectPayload_Success" computerName="LAPTOP-193JPKT0" duration="00:00:00.0368540" startTime="2022-10-28T14:10:33.4892308+02:00" endTime="2022-10-28T14:10:33.4892311+02:00" testType="13cdc9d9-ddb5-4fa4-a97d-d965ccfc6d4b" outcome="Passed" testListId="8c84fa94-04c1-424b-9868-57a2d4851a1d" relativeResultsDirectory="f30bb503-1bc8-4974-9ce9-8bf3c2ad2975" />
    <UnitTestResult executionId="96aebd1d-a905-48f8-9d0a-978aa0969cf9" testId="cf723cf9-d237-acbf-5bd7-6b89dbebea97" testName="Bewit.Extensions.HotChocolate.Tests.Integration.BewitUrlMiddlewareTests.InvokeAsync_WithFixedDateTime_ShouldAlwaysSendSameToken" computerName="LAPTOP-193JPKT0" duration="00:00:01.1594761" startTime="2022-10-28T14:10:33.4989689+02:00" endTime="2022-10-28T14:10:33.4989690+02:00" testType="13cdc9d9-ddb5-4fa4-a97d-d965ccfc6d4b" outcome="Passed" testListId="8c84fa94-04c1-424b-9868-57a2d4851a1d" relativeResultsDirectory="96aebd1d-a905-48f8-9d0a-978aa0969cf9" />
    <UnitTestResult executionId="ed6864df-c3b3-4ece-9e80-5b92b4bd0fee" testId="4d8abadc-b1cc-c3af-6294-d32038d2071b" testName="Bewit.Extensions.HotChocolate.Tests.Integration.BewitMiddlewareTests.InvokeAsync_WithFixedDateTime_ShouldAlwaysSendSameToken" computerName="LAPTOP-193JPKT0" duration="00:00:01.1594892" startTime="2022-10-28T14:10:33.4989204+02:00" endTime="2022-10-28T14:10:33.4989208+02:00" testType="13cdc9d9-ddb5-4fa4-a97d-d965ccfc6d4b" outcome="Passed" testListId="8c84fa94-04c1-424b-9868-57a2d4851a1d" relativeResultsDirectory="ed6864df-c3b3-4ece-9e80-5b92b4bd0fee" />
    <UnitTestResult executionId="28cb7ce4-7ae8-42ae-9095-1f1dc1af778c" testId="bde159ff-f326-cc1e-6856-636559edd460" testName="Bewit.Extensions.HotChocolate.Tests.BewitAuthorizationMiddlewareTests.Query_WhenAuthorize_Success" computerName="LAPTOP-193JPKT0" duration="00:00:00.0702702" startTime="2022-10-28T14:10:33.8138947+02:00" endTime="2022-10-28T14:10:33.8138950+02:00" testType="13cdc9d9-ddb5-4fa4-a97d-d965ccfc6d4b" outcome="Passed" testListId="8c84fa94-04c1-424b-9868-57a2d4851a1d" relativeResultsDirectory="28cb7ce4-7ae8-42ae-9095-1f1dc1af778c" />
  </Results>
  <TestDefinitions>
    <UnitTest name="Bewit.Extensions.HotChocolate.Tests.BewitContextTests.BewitContext_GetStringPayload_Success" storage="c:\repos\bewit\test\extensions.hotchocolate.tests\bin\debug\net6.0\bewit.extensions.hotchocolate.tests.dll" id="40af2887-7fb3-ce28-0397-7b83c27d7aa3">
      <Execution id="f063cd36-8b3b-431e-abc9-1bc0699edcd8" />
      <TestMethod codeBase="C:\Repos\bewit\test\Extensions.HotChocolate.Tests\bin\Debug\net6.0\Bewit.Extensions.HotChocolate.Tests.dll" adapterTypeName="executor://xunit/VsTestRunner2/netcoreapp" className="Bewit.Extensions.HotChocolate.Tests.BewitContextTests" name="BewitContext_GetStringPayload_Success" />
    </UnitTest>
    <UnitTest name="Bewit.Extensions.HotChocolate.Tests.Integration.BewitUrlMiddlewareTests.InvokeAsync_WithFixedDateTime_ShouldAlwaysSendSameToken" storage="c:\repos\bewit\test\extensions.hotchocolate.tests\bin\debug\net6.0\bewit.extensions.hotchocolate.tests.dll" id="cf723cf9-d237-acbf-5bd7-6b89dbebea97">
      <Execution id="96aebd1d-a905-48f8-9d0a-978aa0969cf9" />
      <TestMethod codeBase="C:\Repos\bewit\test\Extensions.HotChocolate.Tests\bin\Debug\net6.0\Bewit.Extensions.HotChocolate.Tests.dll" adapterTypeName="executor://xunit/VsTestRunner2/netcoreapp" className="Bewit.Extensions.HotChocolate.Tests.Integration.BewitUrlMiddlewareTests" name="InvokeAsync_WithFixedDateTime_ShouldAlwaysSendSameToken" />
    </UnitTest>
    <UnitTest name="Bewit.Extensions.HotChocolate.Tests.Integration.BewitMiddlewareTests.InvokeAsync_WithFixedDateTime_ShouldAlwaysSendSameToken" storage="c:\repos\bewit\test\extensions.hotchocolate.tests\bin\debug\net6.0\bewit.extensions.hotchocolate.tests.dll" id="4d8abadc-b1cc-c3af-6294-d32038d2071b">
      <Execution id="ed6864df-c3b3-4ece-9e80-5b92b4bd0fee" />
      <TestMethod codeBase="C:\Repos\bewit\test\Extensions.HotChocolate.Tests\bin\Debug\net6.0\Bewit.Extensions.HotChocolate.Tests.dll" adapterTypeName="executor://xunit/VsTestRunner2/netcoreapp" className="Bewit.Extensions.HotChocolate.Tests.Integration.BewitMiddlewareTests" name="InvokeAsync_WithFixedDateTime_ShouldAlwaysSendSameToken" />
    </UnitTest>
    <UnitTest name="Bewit.Extensions.HotChocolate.Tests.BewitAuthorizationMiddlewareIntegrationTests.Query_WhenAuthorize_Success" storage="c:\repos\bewit\test\extensions.hotchocolate.tests\bin\debug\net6.0\bewit.extensions.hotchocolate.tests.dll" id="0eca7de7-5fdc-b4b7-8436-d9a193384cf9">
      <Execution id="c5108f37-e894-4949-9843-d0224c625c80" />
      <TestMethod codeBase="C:\Repos\bewit\test\Extensions.HotChocolate.Tests\bin\Debug\net6.0\Bewit.Extensions.HotChocolate.Tests.dll" adapterTypeName="executor://xunit/VsTestRunner2/netcoreapp" className="Bewit.Extensions.HotChocolate.Tests.BewitAuthorizationMiddlewareIntegrationTests" name="Query_WhenAuthorize_Success" />
    </UnitTest>
    <UnitTest name="Bewit.Extensions.HotChocolate.Tests.BewitAuthorizationMiddlewareTests.Query_WhenAuthorize_Success" storage="c:\repos\bewit\test\extensions.hotchocolate.tests\bin\debug\net6.0\bewit.extensions.hotchocolate.tests.dll" id="bde159ff-f326-cc1e-6856-636559edd460">
      <Execution id="28cb7ce4-7ae8-42ae-9095-1f1dc1af778c" />
      <TestMethod codeBase="C:\Repos\bewit\test\Extensions.HotChocolate.Tests\bin\Debug\net6.0\Bewit.Extensions.HotChocolate.Tests.dll" adapterTypeName="executor://xunit/VsTestRunner2/netcoreapp" className="Bewit.Extensions.HotChocolate.Tests.BewitAuthorizationMiddlewareTests" name="Query_WhenAuthorize_Success" />
    </UnitTest>
    <UnitTest name="Bewit.Extensions.HotChocolate.Tests.BewitContextTests.BewitContext_GetWrongTypePayload_Fail" storage="c:\repos\bewit\test\extensions.hotchocolate.tests\bin\debug\net6.0\bewit.extensions.hotchocolate.tests.dll" id="ae8e4b0d-2112-d855-a959-da5c70985561">
      <Execution id="79454b7b-ea74-427a-8df7-1b6a63440fa2" />
      <TestMethod codeBase="C:\Repos\bewit\test\Extensions.HotChocolate.Tests\bin\Debug\net6.0\Bewit.Extensions.HotChocolate.Tests.dll" adapterTypeName="executor://xunit/VsTestRunner2/netcoreapp" className="Bewit.Extensions.HotChocolate.Tests.BewitContextTests" name="BewitContext_GetWrongTypePayload_Fail" />
    </UnitTest>
    <UnitTest name="Bewit.Extensions.HotChocolate.Tests.BewitAuthorizationMiddlewareTests.Query_WhenNotAuthorize_Fail" storage="c:\repos\bewit\test\extensions.hotchocolate.tests\bin\debug\net6.0\bewit.extensions.hotchocolate.tests.dll" id="9f35dd6a-8ce3-0f31-39de-07419cd3abe5">
      <Execution id="b619f1d3-4ba6-44eb-8e64-c124d2493a40" />
      <TestMethod codeBase="C:\Repos\bewit\test\Extensions.HotChocolate.Tests\bin\Debug\net6.0\Bewit.Extensions.HotChocolate.Tests.dll" adapterTypeName="executor://xunit/VsTestRunner2/netcoreapp" className="Bewit.Extensions.HotChocolate.Tests.BewitAuthorizationMiddlewareTests" name="Query_WhenNotAuthorize_Fail" />
    </UnitTest>
    <UnitTest name="Bewit.Extensions.HotChocolate.Tests.BewitAuthorizationMiddlewareTests.Query_WhenWrongToken_Fail" storage="c:\repos\bewit\test\extensions.hotchocolate.tests\bin\debug\net6.0\bewit.extensions.hotchocolate.tests.dll" id="bc146916-7f99-a819-a095-dde133b5e62b">
      <Execution id="185d2005-06ac-403e-bc88-c3c1e90869d5" />
      <TestMethod codeBase="C:\Repos\bewit\test\Extensions.HotChocolate.Tests\bin\Debug\net6.0\Bewit.Extensions.HotChocolate.Tests.dll" adapterTypeName="executor://xunit/VsTestRunner2/netcoreapp" className="Bewit.Extensions.HotChocolate.Tests.BewitAuthorizationMiddlewareTests" name="Query_WhenWrongToken_Fail" />
    </UnitTest>
    <UnitTest name="Bewit.Extensions.HotChocolate.Tests.BewitContextTests.BewitContext_GetObjectPayload_Success" storage="c:\repos\bewit\test\extensions.hotchocolate.tests\bin\debug\net6.0\bewit.extensions.hotchocolate.tests.dll" id="967509c2-09e7-d388-f815-efd29db96bff">
      <Execution id="f30bb503-1bc8-4974-9ce9-8bf3c2ad2975" />
      <TestMethod codeBase="C:\Repos\bewit\test\Extensions.HotChocolate.Tests\bin\Debug\net6.0\Bewit.Extensions.HotChocolate.Tests.dll" adapterTypeName="executor://xunit/VsTestRunner2/netcoreapp" className="Bewit.Extensions.HotChocolate.Tests.BewitContextTests" name="BewitContext_GetObjectPayload_Success" />
    </UnitTest>
  </TestDefinitions>
  <TestEntries>
    <TestEntry testId="ae8e4b0d-2112-d855-a959-da5c70985561" executionId="79454b7b-ea74-427a-8df7-1b6a63440fa2" testListId="8c84fa94-04c1-424b-9868-57a2d4851a1d" />
    <TestEntry testId="bc146916-7f99-a819-a095-dde133b5e62b" executionId="185d2005-06ac-403e-bc88-c3c1e90869d5" testListId="8c84fa94-04c1-424b-9868-57a2d4851a1d" />
    <TestEntry testId="9f35dd6a-8ce3-0f31-39de-07419cd3abe5" executionId="b619f1d3-4ba6-44eb-8e64-c124d2493a40" testListId="8c84fa94-04c1-424b-9868-57a2d4851a1d" />
    <TestEntry testId="40af2887-7fb3-ce28-0397-7b83c27d7aa3" executionId="f063cd36-8b3b-431e-abc9-1bc0699edcd8" testListId="8c84fa94-04c1-424b-9868-57a2d4851a1d" />
    <TestEntry testId="0eca7de7-5fdc-b4b7-8436-d9a193384cf9" executionId="c5108f37-e894-4949-9843-d0224c625c80" testListId="8c84fa94-04c1-424b-9868-57a2d4851a1d" />
    <TestEntry testId="967509c2-09e7-d388-f815-efd29db96bff" executionId="f30bb503-1bc8-4974-9ce9-8bf3c2ad2975" testListId="8c84fa94-04c1-424b-9868-57a2d4851a1d" />
    <TestEntry testId="cf723cf9-d237-acbf-5bd7-6b89dbebea97" executionId="96aebd1d-a905-48f8-9d0a-978aa0969cf9" testListId="8c84fa94-04c1-424b-9868-57a2d4851a1d" />
    <TestEntry testId="4d8abadc-b1cc-c3af-6294-d32038d2071b" executionId="ed6864df-c3b3-4ece-9e80-5b92b4bd0fee" testListId="8c84fa94-04c1-424b-9868-57a2d4851a1d" />
    <TestEntry testId="bde159ff-f326-cc1e-6856-636559edd460" executionId="28cb7ce4-7ae8-42ae-9095-1f1dc1af778c" testListId="8c84fa94-04c1-424b-9868-57a2d4851a1d" />
  </TestEntries>
  <TestLists>
    <TestList name="Results Not in a List" id="8c84fa94-04c1-424b-9868-57a2d4851a1d" />
    <TestList name="All Loaded Results" id="19431567-8539-422a-85d7-44ee4e166bda" />
  </TestLists>
  <ResultSummary outcome="Completed">
    <Counters total="9" executed="9" passed="9" failed="0" error="0" timeout="0" aborted="0" inconclusive="0" passedButRunAborted="0" notRunnable="0" notExecuted="0" disconnected="0" warning="0" completed="0" inProgress="0" pending="0" />
    <Output>
      <StdOut>[xUnit.net 00:00:00.00] xUnit.net VSTest Adapter v2.4.1 (64-bit .NET 6.0.9)&#xD;
[xUnit.net 00:00:01.62]   Discovering: Bewit.Extensions.HotChocolate.Tests&#xD;
[xUnit.net 00:00:01.70]   Discovered:  Bewit.Extensions.HotChocolate.Tests&#xD;
[xUnit.net 00:00:01.70]   Starting:    Bewit.Extensions.HotChocolate.Tests&#xD;
[xUnit.net 00:00:04.99]   Finished:    Bewit.Extensions.HotChocolate.Tests&#xD;
</StdOut>
    </Output>
  </ResultSummary>
</TestRun>