<?xml version="1.0" encoding="utf-8"?>
<TestRun id="ea426fb4-bad9-427f-b3f2-029da61325e6" name="Gabriel Lucaci@LAPTOP-193JPKT0 2022-10-28 14:10:52" runUser="LAPTOP-193JPKT0\Gabriel Lucaci" xmlns="http://microsoft.com/schemas/VisualStudio/TeamTest/2010">
  <Times creation="2022-10-28T14:10:52.6860741+02:00" queuing="2022-10-28T14:10:52.6860745+02:00" start="2022-10-28T14:10:48.3910333+02:00" finish="2022-10-28T14:10:55.2285617+02:00" />
  <TestSettings name="default" id="117389f3-78ef-46fe-9351-df8aa2ff760c">
    <Deployment runDeploymentRoot="Gabriel_Lucaci_LAPTOP-193JPKT0_2022-10-28_14_10_52" />
  </TestSettings>
  <Results>
    <UnitTestResult executionId="6b261452-d5b0-430a-9f8b-26b1014d0714" testId="815edbee-6eb1-36aa-6df7-ad53ca806882" testName="Bewit.Storage.MongoDB.Tests.BewitAuthorizationBuilderTests.UseMongoPersistence_WithOnlyMandatoryParameters_ShouldInitAndReturnMongoNonceRepository" computerName="LAPTOP-193JPKT0" duration="00:00:00.0004152" startTime="2022-10-28T14:10:53.8513701+02:00" endTime="2022-10-28T14:10:53.8513702+02:00" testType="13cdc9d9-ddb5-4fa4-a97d-d965ccfc6d4b" outcome="Passed" testListId="8c84fa94-04c1-424b-9868-57a2d4851a1d" relativeResultsDirectory="6b261452-d5b0-430a-9f8b-26b1014d0714" />
    <UnitTestResult executionId="7dd9d70e-1112-40c8-a277-08634e9b676f" testId="639607bc-0e71-c6e8-20d9-d21e57754610" testName="Bewit.Storage.MongoDB.Tests.BewitAuthorizationBuilderTests.UseMongoPersistence_WithBuilderNull_ShouldThrowArgumentNullException" computerName="LAPTOP-193JPKT0" duration="00:00:00.0103887" startTime="2022-10-28T14:10:53.8454416+02:00" endTime="2022-10-28T14:10:53.8454419+02:00" testType="13cdc9d9-ddb5-4fa4-a97d-d965ccfc6d4b" outcome="Passed" testListId="8c84fa94-04c1-424b-9868-57a2d4851a1d" relativeResultsDirectory="7dd9d70e-1112-40c8-a277-08634e9b676f" />
    <UnitTestResult executionId="d14256b2-ed71-4c42-9b45-973a2cf60b65" testId="a5aaed88-5647-be5a-f6a6-bf3dbf072d8c" testName="Bewit.Storage.MongoDB.Tests.BewitAuthorizationBuilderTests.UseMongoPersistence_WithMissingDatabaseNameInConfiguration_ShouldInitAndReturnMongoNonceRepository" computerName="LAPTOP-193JPKT0" duration="00:00:00.0008167" startTime="2022-10-28T14:10:53.8509020+02:00" endTime="2022-10-28T14:10:53.8509022+02:00" testType="13cdc9d9-ddb5-4fa4-a97d-d965ccfc6d4b" outcome="Passed" testListId="8c84fa94-04c1-424b-9868-57a2d4851a1d" relativeResultsDirectory="d14256b2-ed71-4c42-9b45-973a2cf60b65" />
    <UnitTestResult executionId="8d3590d5-5c2c-4c8e-9067-1fadcad3fd6d" testId="017f7b88-d84f-6b41-0036-49cc454eeed3" testName="Bewit.Storage.MongoDB.Tests.NonceRepositoryTests.TakeOneAsync_WithNonceReUse_ShouldRetrieveAndKeepNonce" computerName="LAPTOP-193JPKT0" duration="00:00:00.1717667" startTime="2022-10-28T14:10:54.2569469+02:00" endTime="2022-10-28T14:10:54.2569471+02:00" testType="13cdc9d9-ddb5-4fa4-a97d-d965ccfc6d4b" outcome="Passed" testListId="8c84fa94-04c1-424b-9868-57a2d4851a1d" relativeResultsDirectory="8d3590d5-5c2c-4c8e-9067-1fadcad3fd6d" />
    <UnitTestResult executionId="7d7cf837-b9fd-4a5b-b3be-32e835ec688d" testId="2b6ee95c-6845-6901-d822-c7fca7905982" testName="Bewit.Storage.MongoDB.Tests.NonceRepositoryTests.TakeOneAsync_WithExistingNonceDerivate_ShouldRetrieveAndDeleteNonce" computerName="LAPTOP-193JPKT0" duration="00:00:00.0459355" startTime="2022-10-28T14:10:54.3030268+02:00" endTime="2022-10-28T14:10:54.3030270+02:00" testType="13cdc9d9-ddb5-4fa4-a97d-d965ccfc6d4b" outcome="Passed" testListId="8c84fa94-04c1-424b-9868-57a2d4851a1d" relativeResultsDirectory="7d7cf837-b9fd-4a5b-b3be-32e835ec688d" />
    <UnitTestResult executionId="a81ee0f1-cba5-493a-b10e-279e65ea5670" testId="b74a7e16-84d7-34af-3582-690c9db9635d" testName="Bewit.Storage.MongoDB.Tests.BewitAuthorizationBuilderTests.UseMongoPersistence_WithOptionalCollectionNameParameter_ShouldInitAndReturnMongoNonceRepository" computerName="LAPTOP-193JPKT0" duration="00:00:00.0397423" startTime="2022-10-28T14:10:53.8349183+02:00" endTime="2022-10-28T14:10:53.8349186+02:00" testType="13cdc9d9-ddb5-4fa4-a97d-d965ccfc6d4b" outcome="Passed" testListId="8c84fa94-04c1-424b-9868-57a2d4851a1d" relativeResultsDirectory="a81ee0f1-cba5-493a-b10e-279e65ea5670" />
    <UnitTestResult executionId="aa097c5f-a1c1-4e53-8151-d0205e16b275" testId="2cf010f4-103d-b8a0-f5b5-41f52f8df83f" testName="Bewit.Storage.MongoDB.Tests.BewitMongoOptionsTests.FieldInit_DummyValues_ShouldRestitureDummyValues" computerName="LAPTOP-193JPKT0" duration="00:00:00.0103541" startTime="2022-10-28T14:10:51.0904412+02:00" endTime="2022-10-28T14:10:51.0904779+02:00" testType="13cdc9d9-ddb5-4fa4-a97d-d965ccfc6d4b" outcome="Passed" testListId="8c84fa94-04c1-424b-9868-57a2d4851a1d" relativeResultsDirectory="aa097c5f-a1c1-4e53-8151-d0205e16b275" />
    <UnitTestResult executionId="cec84a58-d8aa-4ea1-bdf6-bca8f9e339b6" testId="ef551493-438f-0668-512c-2d4f297e5449" testName="Bewit.Storage.MongoDB.Tests.BewitAuthorizationBuilderTests.UseMongoPersistence_WithMissingConnectionStringInConfiguration_ShouldInitAndReturnMongoNonceRepository" computerName="LAPTOP-193JPKT0" duration="00:00:00.0035586" startTime="2022-10-28T14:10:53.8491272+02:00" endTime="2022-10-28T14:10:53.8491276+02:00" testType="13cdc9d9-ddb5-4fa4-a97d-d965ccfc6d4b" outcome="Passed" testListId="8c84fa94-04c1-424b-9868-57a2d4851a1d" relativeResultsDirectory="cec84a58-d8aa-4ea1-bdf6-bca8f9e339b6" />
    <UnitTestResult executionId="f7b25e43-fce4-4896-b503-d8ad5fa12e84" testId="e3685670-10e5-6449-3af2-206dc1252b08" testName="Bewit.Storage.MongoDB.Tests.NonceRepositoryTests.TakeOneAsync_WithNonExistingNonceDerivate_ShouldRetrieveAndDeleteNonce" computerName="LAPTOP-193JPKT0" duration="00:00:00.2818490" startTime="2022-10-28T14:10:54.0818654+02:00" endTime="2022-10-28T14:10:54.0818661+02:00" testType="13cdc9d9-ddb5-4fa4-a97d-d965ccfc6d4b" outcome="Passed" testListId="8c84fa94-04c1-424b-9868-57a2d4851a1d" relativeResultsDirectory="f7b25e43-fce4-4896-b503-d8ad5fa12e84" />
    <UnitTestResult executionId="f7b10591-16bd-4123-8550-2df11bff248a" testId="07021b27-24bd-5b10-1414-2cf2250a5db4" testName="Bewit.Storage.MongoDB.Tests.BewitAuthorizationBuilderTests.UseMongoPersistence_WithValidConfiguration_ShouldInitAndReturnMongoNonceRepository" computerName="LAPTOP-193JPKT0" duration="00:00:00.0007796" startTime="2022-10-28T14:10:53.8500057+02:00" endTime="2022-10-28T14:10:53.8500059+02:00" testType="13cdc9d9-ddb5-4fa4-a97d-d965ccfc6d4b" outcome="Passed" testListId="8c84fa94-04c1-424b-9868-57a2d4851a1d" relativeResultsDirectory="f7b10591-16bd-4123-8550-2df11bff248a" />
    <UnitTestResult executionId="50474458-2614-4ecd-ba6c-49b831b82986" testId="745250c0-31fc-b966-c271-71c4ba6b5e40" testName="Bewit.Storage.MongoDB.Tests.NonceRepositoryTests.InsertOneAsync_WithNonceDerivate_ShouldStoreNonce" computerName="LAPTOP-193JPKT0" duration="00:00:00.0536114" startTime="2022-10-28T14:10:54.3568187+02:00" endTime="2022-10-28T14:10:54.3568190+02:00" testType="13cdc9d9-ddb5-4fa4-a97d-d965ccfc6d4b" outcome="Passed" testListId="8c84fa94-04c1-424b-9868-57a2d4851a1d" relativeResultsDirectory="50474458-2614-4ecd-ba6c-49b831b82986" />
  </Results>
  <TestDefinitions>
    <UnitTest name="Bewit.Storage.MongoDB.Tests.NonceRepositoryTests.TakeOneAsync_WithNonceReUse_ShouldRetrieveAndKeepNonce" storage="c:\repos\bewit\test\storage.mongodb.tests\bin\debug\net6.0\bewit.storage.mongodb.tests.dll" id="017f7b88-d84f-6b41-0036-49cc454eeed3">
      <Execution id="8d3590d5-5c2c-4c8e-9067-1fadcad3fd6d" />
      <TestMethod codeBase="C:\Repos\bewit\test\Storage.MongoDB.Tests\bin\Debug\net6.0\Bewit.Storage.MongoDB.Tests.dll" adapterTypeName="executor://xunit/VsTestRunner2/netcoreapp" className="Bewit.Storage.MongoDB.Tests.NonceRepositoryTests" name="TakeOneAsync_WithNonceReUse_ShouldRetrieveAndKeepNonce" />
    </UnitTest>
    <UnitTest name="Bewit.Storage.MongoDB.Tests.NonceRepositoryTests.TakeOneAsync_WithNonExistingNonceDerivate_ShouldRetrieveAndDeleteNonce" storage="c:\repos\bewit\test\storage.mongodb.tests\bin\debug\net6.0\bewit.storage.mongodb.tests.dll" id="e3685670-10e5-6449-3af2-206dc1252b08">
      <Execution id="f7b25e43-fce4-4896-b503-d8ad5fa12e84" />
      <TestMethod codeBase="C:\Repos\bewit\test\Storage.MongoDB.Tests\bin\Debug\net6.0\Bewit.Storage.MongoDB.Tests.dll" adapterTypeName="executor://xunit/VsTestRunner2/netcoreapp" className="Bewit.Storage.MongoDB.Tests.NonceRepositoryTests" name="TakeOneAsync_WithNonExistingNonceDerivate_ShouldRetrieveAndDeleteNonce" />
    </UnitTest>
    <UnitTest name="Bewit.Storage.MongoDB.Tests.NonceRepositoryTests.InsertOneAsync_WithNonceDerivate_ShouldStoreNonce" storage="c:\repos\bewit\test\storage.mongodb.tests\bin\debug\net6.0\bewit.storage.mongodb.tests.dll" id="745250c0-31fc-b966-c271-71c4ba6b5e40">
      <Execution id="50474458-2614-4ecd-ba6c-49b831b82986" />
      <TestMethod codeBase="C:\Repos\bewit\test\Storage.MongoDB.Tests\bin\Debug\net6.0\Bewit.Storage.MongoDB.Tests.dll" adapterTypeName="executor://xunit/VsTestRunner2/netcoreapp" className="Bewit.Storage.MongoDB.Tests.NonceRepositoryTests" name="InsertOneAsync_WithNonceDerivate_ShouldStoreNonce" />
    </UnitTest>
    <UnitTest name="Bewit.Storage.MongoDB.Tests.BewitAuthorizationBuilderTests.UseMongoPersistence_WithMissingDatabaseNameInConfiguration_ShouldInitAndReturnMongoNonceRepository" storage="c:\repos\bewit\test\storage.mongodb.tests\bin\debug\net6.0\bewit.storage.mongodb.tests.dll" id="a5aaed88-5647-be5a-f6a6-bf3dbf072d8c">
      <Execution id="d14256b2-ed71-4c42-9b45-973a2cf60b65" />
      <TestMethod codeBase="C:\Repos\bewit\test\Storage.MongoDB.Tests\bin\Debug\net6.0\Bewit.Storage.MongoDB.Tests.dll" adapterTypeName="executor://xunit/VsTestRunner2/netcoreapp" className="Bewit.Storage.MongoDB.Tests.BewitAuthorizationBuilderTests" name="UseMongoPersistence_WithMissingDatabaseNameInConfiguration_ShouldInitAndReturnMongoNonceRepository" />
    </UnitTest>
    <UnitTest name="Bewit.Storage.MongoDB.Tests.BewitAuthorizationBuilderTests.UseMongoPersistence_WithOptionalCollectionNameParameter_ShouldInitAndReturnMongoNonceRepository" storage="c:\repos\bewit\test\storage.mongodb.tests\bin\debug\net6.0\bewit.storage.mongodb.tests.dll" id="b74a7e16-84d7-34af-3582-690c9db9635d">
      <Execution id="a81ee0f1-cba5-493a-b10e-279e65ea5670" />
      <TestMethod codeBase="C:\Repos\bewit\test\Storage.MongoDB.Tests\bin\Debug\net6.0\Bewit.Storage.MongoDB.Tests.dll" adapterTypeName="executor://xunit/VsTestRunner2/netcoreapp" className="Bewit.Storage.MongoDB.Tests.BewitAuthorizationBuilderTests" name="UseMongoPersistence_WithOptionalCollectionNameParameter_ShouldInitAndReturnMongoNonceRepository" />
    </UnitTest>
    <UnitTest name="Bewit.Storage.MongoDB.Tests.BewitAuthorizationBuilderTests.UseMongoPersistence_WithOnlyMandatoryParameters_ShouldInitAndReturnMongoNonceRepository" storage="c:\repos\bewit\test\storage.mongodb.tests\bin\debug\net6.0\bewit.storage.mongodb.tests.dll" id="815edbee-6eb1-36aa-6df7-ad53ca806882">
      <Execution id="6b261452-d5b0-430a-9f8b-26b1014d0714" />
      <TestMethod codeBase="C:\Repos\bewit\test\Storage.MongoDB.Tests\bin\Debug\net6.0\Bewit.Storage.MongoDB.Tests.dll" adapterTypeName="executor://xunit/VsTestRunner2/netcoreapp" className="Bewit.Storage.MongoDB.Tests.BewitAuthorizationBuilderTests" name="UseMongoPersistence_WithOnlyMandatoryParameters_ShouldInitAndReturnMongoNonceRepository" />
    </UnitTest>
    <UnitTest name="Bewit.Storage.MongoDB.Tests.BewitMongoOptionsTests.FieldInit_DummyValues_ShouldRestitureDummyValues" storage="c:\repos\bewit\test\storage.mongodb.tests\bin\debug\net6.0\bewit.storage.mongodb.tests.dll" id="2cf010f4-103d-b8a0-f5b5-41f52f8df83f">
      <Execution id="aa097c5f-a1c1-4e53-8151-d0205e16b275" />
      <TestMethod codeBase="C:\Repos\bewit\test\Storage.MongoDB.Tests\bin\Debug\net6.0\Bewit.Storage.MongoDB.Tests.dll" adapterTypeName="executor://xunit/VsTestRunner2/netcoreapp" className="Bewit.Storage.MongoDB.Tests.BewitMongoOptionsTests" name="FieldInit_DummyValues_ShouldRestitureDummyValues" />
    </UnitTest>
    <UnitTest name="Bewit.Storage.MongoDB.Tests.BewitAuthorizationBuilderTests.UseMongoPersistence_WithMissingConnectionStringInConfiguration_ShouldInitAndReturnMongoNonceRepository" storage="c:\repos\bewit\test\storage.mongodb.tests\bin\debug\net6.0\bewit.storage.mongodb.tests.dll" id="ef551493-438f-0668-512c-2d4f297e5449">
      <Execution id="cec84a58-d8aa-4ea1-bdf6-bca8f9e339b6" />
      <TestMethod codeBase="C:\Repos\bewit\test\Storage.MongoDB.Tests\bin\Debug\net6.0\Bewit.Storage.MongoDB.Tests.dll" adapterTypeName="executor://xunit/VsTestRunner2/netcoreapp" className="Bewit.Storage.MongoDB.Tests.BewitAuthorizationBuilderTests" name="UseMongoPersistence_WithMissingConnectionStringInConfiguration_ShouldInitAndReturnMongoNonceRepository" />
    </UnitTest>
    <UnitTest name="Bewit.Storage.MongoDB.Tests.BewitAuthorizationBuilderTests.UseMongoPersistence_WithValidConfiguration_ShouldInitAndReturnMongoNonceRepository" storage="c:\repos\bewit\test\storage.mongodb.tests\bin\debug\net6.0\bewit.storage.mongodb.tests.dll" id="07021b27-24bd-5b10-1414-2cf2250a5db4">
      <Execution id="f7b10591-16bd-4123-8550-2df11bff248a" />
      <TestMethod codeBase="C:\Repos\bewit\test\Storage.MongoDB.Tests\bin\Debug\net6.0\Bewit.Storage.MongoDB.Tests.dll" adapterTypeName="executor://xunit/VsTestRunner2/netcoreapp" className="Bewit.Storage.MongoDB.Tests.BewitAuthorizationBuilderTests" name="UseMongoPersistence_WithValidConfiguration_ShouldInitAndReturnMongoNonceRepository" />
    </UnitTest>
    <UnitTest name="Bewit.Storage.MongoDB.Tests.BewitAuthorizationBuilderTests.UseMongoPersistence_WithBuilderNull_ShouldThrowArgumentNullException" storage="c:\repos\bewit\test\storage.mongodb.tests\bin\debug\net6.0\bewit.storage.mongodb.tests.dll" id="639607bc-0e71-c6e8-20d9-d21e57754610">
      <Execution id="7dd9d70e-1112-40c8-a277-08634e9b676f" />
      <TestMethod codeBase="C:\Repos\bewit\test\Storage.MongoDB.Tests\bin\Debug\net6.0\Bewit.Storage.MongoDB.Tests.dll" adapterTypeName="executor://xunit/VsTestRunner2/netcoreapp" className="Bewit.Storage.MongoDB.Tests.BewitAuthorizationBuilderTests" name="UseMongoPersistence_WithBuilderNull_ShouldThrowArgumentNullException" />
    </UnitTest>
    <UnitTest name="Bewit.Storage.MongoDB.Tests.NonceRepositoryTests.TakeOneAsync_WithExistingNonceDerivate_ShouldRetrieveAndDeleteNonce" storage="c:\repos\bewit\test\storage.mongodb.tests\bin\debug\net6.0\bewit.storage.mongodb.tests.dll" id="2b6ee95c-6845-6901-d822-c7fca7905982">
      <Execution id="7d7cf837-b9fd-4a5b-b3be-32e835ec688d" />
      <TestMethod codeBase="C:\Repos\bewit\test\Storage.MongoDB.Tests\bin\Debug\net6.0\Bewit.Storage.MongoDB.Tests.dll" adapterTypeName="executor://xunit/VsTestRunner2/netcoreapp" className="Bewit.Storage.MongoDB.Tests.NonceRepositoryTests" name="TakeOneAsync_WithExistingNonceDerivate_ShouldRetrieveAndDeleteNonce" />
    </UnitTest>
  </TestDefinitions>
  <TestEntries>
    <TestEntry testId="815edbee-6eb1-36aa-6df7-ad53ca806882" executionId="6b261452-d5b0-430a-9f8b-26b1014d0714" testListId="8c84fa94-04c1-424b-9868-57a2d4851a1d" />
    <TestEntry testId="639607bc-0e71-c6e8-20d9-d21e57754610" executionId="7dd9d70e-1112-40c8-a277-08634e9b676f" testListId="8c84fa94-04c1-424b-9868-57a2d4851a1d" />
    <TestEntry testId="a5aaed88-5647-be5a-f6a6-bf3dbf072d8c" executionId="d14256b2-ed71-4c42-9b45-973a2cf60b65" testListId="8c84fa94-04c1-424b-9868-57a2d4851a1d" />
    <TestEntry testId="017f7b88-d84f-6b41-0036-49cc454eeed3" executionId="8d3590d5-5c2c-4c8e-9067-1fadcad3fd6d" testListId="8c84fa94-04c1-424b-9868-57a2d4851a1d" />
    <TestEntry testId="2b6ee95c-6845-6901-d822-c7fca7905982" executionId="7d7cf837-b9fd-4a5b-b3be-32e835ec688d" testListId="8c84fa94-04c1-424b-9868-57a2d4851a1d" />
    <TestEntry testId="b74a7e16-84d7-34af-3582-690c9db9635d" executionId="a81ee0f1-cba5-493a-b10e-279e65ea5670" testListId="8c84fa94-04c1-424b-9868-57a2d4851a1d" />
    <TestEntry testId="2cf010f4-103d-b8a0-f5b5-41f52f8df83f" executionId="aa097c5f-a1c1-4e53-8151-d0205e16b275" testListId="8c84fa94-04c1-424b-9868-57a2d4851a1d" />
    <TestEntry testId="ef551493-438f-0668-512c-2d4f297e5449" executionId="cec84a58-d8aa-4ea1-bdf6-bca8f9e339b6" testListId="8c84fa94-04c1-424b-9868-57a2d4851a1d" />
    <TestEntry testId="e3685670-10e5-6449-3af2-206dc1252b08" executionId="f7b25e43-fce4-4896-b503-d8ad5fa12e84" testListId="8c84fa94-04c1-424b-9868-57a2d4851a1d" />
    <TestEntry testId="07021b27-24bd-5b10-1414-2cf2250a5db4" executionId="f7b10591-16bd-4123-8550-2df11bff248a" testListId="8c84fa94-04c1-424b-9868-57a2d4851a1d" />
    <TestEntry testId="745250c0-31fc-b966-c271-71c4ba6b5e40" executionId="50474458-2614-4ecd-ba6c-49b831b82986" testListId="8c84fa94-04c1-424b-9868-57a2d4851a1d" />
  </TestEntries>
  <TestLists>
    <TestList name="Results Not in a List" id="8c84fa94-04c1-424b-9868-57a2d4851a1d" />
    <TestList name="All Loaded Results" id="19431567-8539-422a-85d7-44ee4e166bda" />
  </TestLists>
  <ResultSummary outcome="Completed">
    <Counters total="11" executed="11" passed="11" failed="0" error="0" timeout="0" aborted="0" inconclusive="0" passedButRunAborted="0" notRunnable="0" notExecuted="0" disconnected="0" warning="0" completed="0" inProgress="0" pending="0" />
    <Output>
      <StdOut>[xUnit.net 00:00:00.00] xUnit.net VSTest Adapter v2.4.1 (64-bit .NET 6.0.9)&#xD;
[xUnit.net 00:00:01.55]   Discovering: Bewit.Storage.MongoDB.Tests&#xD;
[xUnit.net 00:00:01.62]   Discovered:  Bewit.Storage.MongoDB.Tests&#xD;
[xUnit.net 00:00:01.62]   Starting:    Bewit.Storage.MongoDB.Tests&#xD;
[xUnit.net 00:00:05.77]   Finished:    Bewit.Storage.MongoDB.Tests&#xD;
</StdOut>
    </Output>
  </ResultSummary>
</TestRun>